<?xml version="1.0" encoding="UTF-8"?>
<!-- Generated by org.testng.reporters.JUnitReportReporter -->
<testsuite hostname="HOPE" failures="1" tests="3" name="cucumberOptions.TestNGRunner" time="58.964" errors="0" timestamp="2022-12-29T19:57:52 IST" skipped="0">
  <testcase classname="cucumberOptions.TestNGRunner" name="runScenario" time="19.719">
    <failure message="expected [Beetroot] but found [No data]" type="java.lang.AssertionError">
      <![CDATA[java.lang.AssertionError: expected [Beetroot] but found [No data]
at org.testng.Assert.fail(Assert.java:110)
at org.testng.Assert.failNotEquals(Assert.java:1413)
at org.testng.Assert.assertEqualsImpl(Assert.java:149)
at org.testng.Assert.assertEquals(Assert.java:131)
at org.testng.Assert.assertEquals(Assert.java:655)
at org.testng.Assert.assertEquals(Assert.java:665)
at StepDefinitions.OfferPageStepDefinition.validate_if_product_name_in_offers_page_matches_with_Landing_page(OfferPageStepDefinition.java:58)
at âœ½.validate if product name in offers page matches with Landing page(file:///C:/Users/Arise/eclipse-workspace/Ankit_FrameWork.zip_expanded/Training/src/test/java/features/searchProduct.feature:8)
]]>
    </failure>
  </testcase> <!-- runScenario -->
  <system-out/>
  <testcase classname="cucumberOptions.TestNGRunner" name="runScenario" time="19.526"/>
  <system-out/>
  <testcase classname="cucumberOptions.TestNGRunner" name="runScenario" time="19.719"/>
  <system-out/>
</testsuite> <!-- cucumberOptions.TestNGRunner -->
