<?xml version="1.0" encoding="UTF-8"?>
<!-- Generated by org.testng.reporters.JUnitReportReporter -->
<testsuite hostname="HOPE" failures="0" tests="1" name="cucumberOptions.TestNGRunner" time="10.240" errors="0" timestamp="2022-12-31T05:16:52 IST" skipped="0">
  <testcase classname="cucumberOptions.TestNGRunner" name="runScenario" time="10.240"/>
  <system-out/>
</testsuite> <!-- cucumberOptions.TestNGRunner -->
